[00:19:56] [main/INFO] [LaunchWrapper]: Loading tweak class name net.minecraftforge.fml.common.launcher.FMLTweaker
[00:19:56] [main/INFO] [LaunchWrapper]: Using primary tweak class name net.minecraftforge.fml.common.launcher.FMLTweaker
[00:19:56] [main/INFO] [LaunchWrapper]: Loading tweak class name net.futureclient.loader.launch.launchwrapper.LaunchWrapperEntryPoint
[00:19:57] [main/INFO] [LaunchWrapper]: Calling tweak class net.minecraftforge.fml.common.launcher.FMLTweaker
[00:19:57] [main/INFO] [FML]: Forge Mod Loader version 14.23.5.2847 for Minecraft 1.12.2 loading
[00:19:57] [main/INFO] [FML]: Java is Java HotSpot(TM) 64-Bit Server VM, version 1.8.0_51, running on Windows 10:amd64:10.0, installed at C:\Program Files (x86)\Minecraft\runtime\jre-x64
[00:19:57] [main/WARN] [FML]: The coremod FMLCorePlugin (net.minecraftforge.fml.relauncher.FMLCorePlugin) is not signed!
[00:19:57] [main/WARN] [FML]: The coremod FMLForgePlugin (net.minecraftforge.classloading.FMLForgePlugin) is not signed!
[00:19:57] [main/INFO] [FML]: Searching C:\Users\Finla\AppData\Roaming\.minecraft\mods for mods
[00:19:57] [main/INFO] [FML]: Searching C:\Users\Finla\AppData\Roaming\.minecraft\mods\1.12.2 for mods
[00:19:57] [main/INFO] [FML]: Loading tweaker org.spongepowered.asm.launch.MixinTweaker from baritone-standalone-forge-1.2.9.jar
[00:19:57] [main/INFO] [FML]: Loading tweaker pw.cinque.fastchat.FastChat from FastChat-1.0.jar
[00:19:57] [main/INFO] [FML]: Loading tweaker org.spongepowered.asm.launch.MixinTweaker from maiclient-1.0-full_4.jar
[00:19:57] [main/INFO] [FML]: Loading tweaker optifine.OptiFineForgeTweaker from OptiFine_1.12.2_HD_U_E3.jar
[00:19:57] [main/INFO] [FML]: Loading tweaker org.spongepowered.asm.launch.MixinTweaker from Raion_Loader.jar
[00:19:57] [main/INFO] [FML]: Loading tweaker org.spongepowered.asm.launch.MixinTweaker from rusherhack b11+.jar
[00:19:57] [main/WARN] [FML]: Found FMLCorePluginContainsFMLMod marker in Shulker-Box-Viewer-Mod-1.12.2 (1).jar. This is not recommended, @Mods should be in a separate jar from the coremod.
[00:19:57] [main/WARN] [FML]: The coremod com.dazo66.shulkerboxshower.asm.CoreModBase does not have a MCVersion annotation, it may cause issues with this version of Minecraft
[00:19:57] [main/WARN] [FML]: The coremod CoreModBase (com.dazo66.shulkerboxshower.asm.CoreModBase) is not signed!
[00:19:57] [main/INFO] [FML]: Loading tweaker net.futureclient.forgewdl.ForgeWDL from wdlforge-4.0.1.7-SNAPSHOT.jar
[00:19:57] [main/INFO] [LaunchWrapper]: Calling tweak class net.futureclient.loader.launch.launchwrapper.LaunchWrapperEntryPoint
[00:20:01] [main/INFO] [mixin]: SpongePowered MIXIN Subsystem Version=0.7.11 Source=file:/C:/Users/Finla/AppData/Roaming/.minecraft/libraries/net/futureclient/loader/1.0/loader-1.0.jar Service=LaunchWrapper Env=CLIENT
[00:20:02] [main/WARN] [FML]: The coremod com.sasha.maiclient.MapArtIslandCore does not have a MCVersion annotation, it may cause issues with this version of Minecraft
[00:20:02] [main/WARN] [FML]: The coremod MapArtIslandCore (com.sasha.maiclient.MapArtIslandCore) is not signed!
[00:20:02] [main/INFO] [STDOUT]: [com.sasha.maiclient.MapArtIslandCore:<init>:19]: Starting baritone mixins
[00:20:02] [main/INFO] [mixin]: Compatibility level set to JAVA_8
[00:20:02] [main/ERROR] [mixin]: Mixin config mixins.baritone.json does not specify "minVersion" property
[00:20:02] [main/WARN] [FML]: The coremod me.robeart.raion.mixin.MixinLoader does not have a MCVersion annotation, it may cause issues with this version of Minecraft
[00:20:02] [main/WARN] [FML]: The coremod MixinLoader (me.robeart.raion.mixin.MixinLoader) is not signed!
[00:20:02] [main/INFO] [STDOUT]: [me.fuckun:a:-1]: PID: 24228
[00:20:02] [main/INFO] [STDOUT]: [me.fuckun:a:-1]: sun.instrument.InstrumentationImpl
